<?xml version="1.0" encoding="UTF-8"?>
<testng-results skipped="0" failed="0" ignored="0" total="1" passed="1">
  <reporter-output>
  </reporter-output>
  <suite name="Suite" duration-ms="18248" started-at="2020-05-24T13:14:18 IST" finished-at="2020-05-24T13:14:36 IST">
    <groups>
    </groups>
    <test name="Test" duration-ms="18248" started-at="2020-05-24T13:14:18 IST" finished-at="2020-05-24T13:14:36 IST">
      <class name="NewTest">
        <test-method status="PASS" signature="beforeTest()[pri:0, instance:NewTest@6737fd8f]" name="beforeTest" is-config="true" duration-ms="9618" started-at="2020-05-24T13:14:18 IST" finished-at="2020-05-24T13:14:28 IST">
          <reporter-output>
          </reporter-output>
        </test-method> <!-- beforeTest -->
        <test-method status="PASS" signature="testEasy()[pri:0, instance:NewTest@6737fd8f]" name="testEasy" duration-ms="6267" started-at="2020-05-24T13:14:28 IST" finished-at="2020-05-24T13:14:34 IST">
          <reporter-output>
          </reporter-output>
        </test-method> <!-- testEasy -->
        <test-method status="PASS" signature="afterTest()[pri:0, instance:NewTest@6737fd8f]" name="afterTest" is-config="true" duration-ms="2237" started-at="2020-05-24T13:14:34 IST" finished-at="2020-05-24T13:14:36 IST">
          <reporter-output>
          </reporter-output>
        </test-method> <!-- afterTest -->
      </class> <!-- NewTest -->
    </test> <!-- Test -->
  </suite> <!-- Suite -->
</testng-results>
